#
# There is insufficient memory for the Java Runtime Environment to continue.
# Native memory allocation (malloc) failed to allocate 1366864 bytes for Chunk::new
# Possible reasons:
#   The system is out of physical RAM or swap space
#   The process is running with CompressedOops enabled, and the Java Heap may be blocking the growth of the native heap
# Possible solutions:
#   Reduce memory load on the system
#   Increase physical memory or swap space
#   Check if swap backing store is full
#   Decrease Java heap size (-Xmx/-Xms)
#   Decrease number of Java threads
#   Decrease Java thread stack sizes (-Xss)
#   Set larger code cache with -XX:ReservedCodeCacheSize=
#   JVM is running with Unscaled Compressed Oops mode in which the Java heap is
#     placed in the first 4GB address space. The Java Heap base address is the
#     maximum limit for the native heap growth. Please use -XX:HeapBaseMinAddress
#     to set the Java Heap base and to place the Java Heap above 4GB virtual address.
# This output file may be truncated or incomplete.
#
#  Out of Memory Error (allocation.cpp:389), pid=10776, tid=0x00000000000054d4
#
# JRE version: Java(TM) SE Runtime Environment (8.0_321-b07) (build 1.8.0_321-b07)
# Java VM: Java HotSpot(TM) 64-Bit Server VM (25.321-b07 mixed mode windows-amd64 compressed oops)
# Failed to write core dump. Minidumps are not enabled by default on client versions of Windows
#

---------------  T H R E A D  ---------------

Current thread (0x000001cd572ac000):  JavaThread "C2 CompilerThread0" daemon [_thread_in_native, id=21716, stack(0x0000006a3a400000,0x0000006a3a500000)]

Stack: [0x0000006a3a400000,0x0000006a3a500000]
Native frames: (J=compiled Java code, j=interpreted, Vv=VM code, C=native code)
V  [jvm.dll+0x32fc49]


Current CompileTask:
C2:   2833 2406   !   4       org.codehaus.plexus.interpolation.StringSearchInterpolator::interpolate (668 bytes)


---------------  P R O C E S S  ---------------

Java Threads: ( => current thread )
  0x000001cd5731e800 JavaThread "Service Thread" daemon [_thread_blocked, id=8960, stack(0x0000006a3a800000,0x0000006a3a900000)]
  0x000001cd5730b800 JavaThread "C1 CompilerThread3" daemon [_thread_in_native, id=4988, stack(0x0000006a3a700000,0x0000006a3a800000)]
  0x000001cd57306800 JavaThread "C2 CompilerThread2" daemon [_thread_in_native, id=16920, stack(0x0000006a3a600000,0x0000006a3a700000)]
  0x000001cd572ad000 JavaThread "C2 CompilerThread1" daemon [_thread_in_native, id=21484, stack(0x0000006a3a500000,0x0000006a3a600000)]
=>0x000001cd572ac000 JavaThread "C2 CompilerThread0" daemon [_thread_in_native, id=21716, stack(0x0000006a3a400000,0x0000006a3a500000)]
  0x000001cd57290000 JavaThread "Attach Listener" daemon [_thread_blocked, id=22168, stack(0x0000006a3a300000,0x0000006a3a400000)]
  0x000001cd572ff000 JavaThread "Signal Dispatcher" daemon [_thread_blocked, id=4436, stack(0x0000006a3a200000,0x0000006a3a300000)]
  0x000001cd5727d800 JavaThread "Finalizer" daemon [_thread_blocked, id=21816, stack(0x0000006a3a100000,0x0000006a3a200000)]
  0x000001cd57276000 JavaThread "Reference Handler" daemon [_thread_blocked, id=7200, stack(0x0000006a3a000000,0x0000006a3a100000)]
  0x000001cd40dbe800 JavaThread "main" [_thread_in_Java, id=21692, stack(0x0000006a39600000,0x0000006a39700000)]

Other Threads:
  0x000001cd5724a800 VMThread [stack: 0x0000006a39f00000,0x0000006a3a000000] [id=21976]
  0x000001cd590bc000 WatcherThread [stack: 0x0000006a3a900000,0x0000006a3aa00000] [id=20704]

VM state:not at safepoint (normal execution)

VM Mutex/Monitor currently owned by a thread:  ([mutex/lock_event])
[0x000001cd40daca00] CodeCache_lock - owner thread: 0x0000000000000000
[0x000001cd40dbaf60] Compile_lock - owner thread: 0x0000000000000000

heap address: 0x0000000082600000, size: 2010 MB, Compressed Oops mode: 32-bit
Narrow klass base: 0x0000000000000000, Narrow klass shift: 3
Compressed class space size: 1073741824 Address: 0x0000000100000000

Heap:
 PSYoungGen      total 70656K, used 24944K [0x00000000d6200000, 0x00000000dac00000, 0x0000000100000000)
  eden space 65536K, 30% used [0x00000000d6200000,0x00000000d75600f0,0x00000000da200000)
  from space 5120K, 99% used [0x00000000da700000,0x00000000dabfc060,0x00000000dac00000)
  to   space 5120K, 0% used [0x00000000da200000,0x00000000da200000,0x00000000da700000)
 ParOldGen       total 86016K, used 11677K [0x0000000082600000, 0x0000000087a00000, 0x00000000d6200000)
  object space 86016K, 13% used [0x0000000082600000,0x00000000831677c0,0x0000000087a00000)
 Metaspace       used 15917K, capacity 16248K, committed 16384K, reserved 1062912K
  class space    used 1883K, capacity 1982K, committed 2048K, reserved 1048576K

Card table byte_map: [0x000001cd51fd0000,0x000001cd523c0000] byte_map_base: 0x000001cd51bbd000

Marking Bits: (ParMarkBitMap*) 0x0000000071e99030
 Begin Bits: [0x000001cd52660000, 0x000001cd545c8000)
 End Bits:   [0x000001cd545c8000, 0x000001cd56530000)

Polling page: 0x000001cd40f10000

CodeCache: size=245760Kb used=9171Kb max_used=9178Kb free=236589Kb
 bounds [0x000001cd42c10000, 0x000001cd43510000, 0x000001cd51c10000]
 total_blobs=3079 nmethods=2727 adapters=264
 compilation: enabled

Compilation events (10 events):
Event: 2.816 Thread 0x000001cd5730b800 nmethod 2719 0x000001cd43507a90 code [0x000001cd43507c00, 0x000001cd43507e70]
Event: 2.819 Thread 0x000001cd57306800 2721       4       java.util.Collections::unmodifiableMap (9 bytes)
Event: 2.819 Thread 0x000001cd5730b800 2722       3       org.eclipse.aether.DefaultRepositorySystemSession::failIfReadOnly (18 bytes)
Event: 2.819 Thread 0x000001cd5730b800 nmethod 2722 0x000001cd43507f50 code [0x000001cd435080c0, 0x000001cd43508330]
Event: 2.820 Thread 0x000001cd57306800 nmethod 2721 0x000001cd4350b110 code [0x000001cd4350b260, 0x000001cd4350b358]
Event: 2.821 Thread 0x000001cd5730b800 2723       3       org.apache.maven.model.building.ModelData::setVersion (6 bytes)
Event: 2.821 Thread 0x000001cd5730b800 nmethod 2723 0x000001cd4350add0 code [0x000001cd4350af20, 0x000001cd4350b098]
Event: 2.822 Thread 0x000001cd572ad000 2724       4       java.util.HashMap::get (23 bytes)
Event: 2.823 Thread 0x000001cd5730b800 2725       3       org.apache.maven.model.validation.DefaultModelValidator::validateDependencyVersion (25 bytes)
Event: 2.823 Thread 0x000001cd5730b800 nmethod 2725 0x000001cd4350a8d0 code [0x000001cd4350aa40, 0x000001cd4350aca0]

GC Heap History (8 events):
Event: 0.870 GC heap before
{Heap before GC invocations=1 (full 0):
 PSYoungGen      total 37888K, used 32768K [0x00000000d6200000, 0x00000000d8c00000, 0x0000000100000000)
  eden space 32768K, 100% used [0x00000000d6200000,0x00000000d8200000,0x00000000d8200000)
  from space 5120K, 0% used [0x00000000d8700000,0x00000000d8700000,0x00000000d8c00000)
  to   space 5120K, 0% used [0x00000000d8200000,0x00000000d8200000,0x00000000d8700000)
 ParOldGen       total 86016K, used 0K [0x0000000082600000, 0x0000000087a00000, 0x00000000d6200000)
  object space 86016K, 0% used [0x0000000082600000,0x0000000082600000,0x0000000087a00000)
 Metaspace       used 8417K, capacity 8604K, committed 8832K, reserved 1056768K
  class space    used 1015K, capacity 1080K, committed 1152K, reserved 1048576K
Event: 0.876 GC heap after
Heap after GC invocations=1 (full 0):
 PSYoungGen      total 37888K, used 5112K [0x00000000d6200000, 0x00000000d8c00000, 0x0000000100000000)
  eden space 32768K, 0% used [0x00000000d6200000,0x00000000d6200000,0x00000000d8200000)
  from space 5120K, 99% used [0x00000000d8200000,0x00000000d86fe098,0x00000000d8700000)
  to   space 5120K, 0% used [0x00000000d8700000,0x00000000d8700000,0x00000000d8c00000)
 ParOldGen       total 86016K, used 811K [0x0000000082600000, 0x0000000087a00000, 0x00000000d6200000)
  object space 86016K, 0% used [0x0000000082600000,0x00000000826cafa8,0x0000000087a00000)
 Metaspace       used 8417K, capacity 8604K, committed 8832K, reserved 1056768K
  class space    used 1015K, capacity 1080K, committed 1152K, reserved 1048576K
}
Event: 1.289 GC heap before
{Heap before GC invocations=2 (full 0):
 PSYoungGen      total 37888K, used 37880K [0x00000000d6200000, 0x00000000d8c00000, 0x0000000100000000)
  eden space 32768K, 100% used [0x00000000d6200000,0x00000000d8200000,0x00000000d8200000)
  from space 5120K, 99% used [0x00000000d8200000,0x00000000d86fe098,0x00000000d8700000)
  to   space 5120K, 0% used [0x00000000d8700000,0x00000000d8700000,0x00000000d8c00000)
 ParOldGen       total 86016K, used 811K [0x0000000082600000, 0x0000000087a00000, 0x00000000d6200000)
  object space 86016K, 0% used [0x0000000082600000,0x00000000826cafa8,0x0000000087a00000)
 Metaspace       used 12096K, capacity 12244K, committed 12416K, reserved 1060864K
  class space    used 1514K, capacity 1606K, committed 1664K, reserved 1048576K
Event: 1.296 GC heap after
Heap after GC invocations=2 (full 0):
 PSYoungGen      total 37888K, used 5116K [0x00000000d6200000, 0x00000000dac00000, 0x0000000100000000)
  eden space 32768K, 0% used [0x00000000d6200000,0x00000000d6200000,0x00000000d8200000)
  from space 5120K, 99% used [0x00000000d8700000,0x00000000d8bff0d8,0x00000000d8c00000)
  to   space 5120K, 0% used [0x00000000d8200000,0x00000000d8200000,0x00000000d8700000)
 ParOldGen       total 86016K, used 3583K [0x0000000082600000, 0x0000000087a00000, 0x00000000d6200000)
  object space 86016K, 4% used [0x0000000082600000,0x000000008297fcb0,0x0000000087a00000)
 Metaspace       used 12096K, capacity 12244K, committed 12416K, reserved 1060864K
  class space    used 1514K, capacity 1606K, committed 1664K, reserved 1048576K
}
Event: 1.953 GC heap before
{Heap before GC invocations=3 (full 0):
 PSYoungGen      total 37888K, used 37884K [0x00000000d6200000, 0x00000000dac00000, 0x0000000100000000)
  eden space 32768K, 100% used [0x00000000d6200000,0x00000000d8200000,0x00000000d8200000)
  from space 5120K, 99% used [0x00000000d8700000,0x00000000d8bff0d8,0x00000000d8c00000)
  to   space 5120K, 0% used [0x00000000d8200000,0x00000000d8200000,0x00000000d8700000)
 ParOldGen       total 86016K, used 3583K [0x0000000082600000, 0x0000000087a00000, 0x00000000d6200000)
  object space 86016K, 4% used [0x0000000082600000,0x000000008297fcb0,0x0000000087a00000)
 Metaspace       used 15270K, capacity 15540K, committed 15872K, reserved 1062912K
  class space    used 1847K, capacity 1944K, committed 2048K, reserved 1048576K
Event: 1.961 GC heap after
Heap after GC invocations=3 (full 0):
 PSYoungGen      total 37888K, used 5104K [0x00000000d6200000, 0x00000000dac00000, 0x0000000100000000)
  eden space 32768K, 0% used [0x00000000d6200000,0x00000000d6200000,0x00000000d8200000)
  from space 5120K, 99% used [0x00000000d8200000,0x00000000d86fc080,0x00000000d8700000)
  to   space 5120K, 0% used [0x00000000da700000,0x00000000da700000,0x00000000dac00000)
 ParOldGen       total 86016K, used 7629K [0x0000000082600000, 0x0000000087a00000, 0x00000000d6200000)
  object space 86016K, 8% used [0x0000000082600000,0x0000000082d73490,0x0000000087a00000)
 Metaspace       used 15270K, capacity 15540K, committed 15872K, reserved 1062912K
  class space    used 1847K, capacity 1944K, committed 2048K, reserved 1048576K
}
Event: 2.445 GC heap before
{Heap before GC invocations=4 (full 0):
 PSYoungGen      total 37888K, used 37872K [0x00000000d6200000, 0x00000000dac00000, 0x0000000100000000)
  eden space 32768K, 100% used [0x00000000d6200000,0x00000000d8200000,0x00000000d8200000)
  from space 5120K, 99% used [0x00000000d8200000,0x00000000d86fc080,0x00000000d8700000)
  to   space 5120K, 0% used [0x00000000da700000,0x00000000da700000,0x00000000dac00000)
 ParOldGen       total 86016K, used 7629K [0x0000000082600000, 0x0000000087a00000, 0x00000000d6200000)
  object space 86016K, 8% used [0x0000000082600000,0x0000000082d73490,0x0000000087a00000)
 Metaspace       used 15613K, capacity 15904K, committed 16128K, reserved 1062912K
  class space    used 1862K, capacity 1978K, committed 2048K, reserved 1048576K
Event: 2.453 GC heap after
Heap after GC invocations=4 (full 0):
 PSYoungGen      total 70656K, used 5104K [0x00000000d6200000, 0x00000000dac00000, 0x0000000100000000)
  eden space 65536K, 0% used [0x00000000d6200000,0x00000000d6200000,0x00000000da200000)
  from space 5120K, 99% used [0x00000000da700000,0x00000000dabfc060,0x00000000dac00000)
  to   space 5120K, 0% used [0x00000000da200000,0x00000000da200000,0x00000000da700000)
 ParOldGen       total 86016K, used 11677K [0x0000000082600000, 0x0000000087a00000, 0x00000000d6200000)
  object space 86016K, 13% used [0x0000000082600000,0x00000000831677c0,0x0000000087a00000)
 Metaspace       used 15613K, capacity 15904K, committed 16128K, reserved 1062912K
  class space    used 1862K, capacity 1978K, committed 2048K, reserved 1048576K
}

Deoptimization events (10 events):
Event: 1.715 Thread 0x000001cd40dbe800 Uncommon trap: reason=unstable_if action=reinterpret pc=0x000001cd43172eb4 method=org.codehaus.plexus.util.xml.pull.MXParser.isS(C)Z @ 21
Event: 1.780 Thread 0x000001cd40dbe800 Uncommon trap: reason=unstable_if action=reinterpret pc=0x000001cd4323df80 method=org.codehaus.plexus.util.xml.pull.MXParser.nextImpl()I @ 972
Event: 1.837 Thread 0x000001cd40dbe800 Uncommon trap: reason=unstable_if action=reinterpret pc=0x000001cd431e2844 method=org.apache.maven.model.validation.DefaultModelValidator.isValidIdCharacter(C)Z @ 51
Event: 1.988 Thread 0x000001cd40dbe800 Uncommon trap: reason=null_check action=make_not_entrant pc=0x000001cd432e3e9c method=org.apache.maven.model.io.xpp3.MavenXpp3Reader.checkFieldWithDuplicate(Lorg/codehaus/plexus/util/xml/pull/XmlPullParser;Ljava/lang/String;Ljava/lang/String;Ljava/util/Se
Event: 2.112 Thread 0x000001cd40dbe800 Uncommon trap: reason=unstable_if action=reinterpret pc=0x000001cd4335d43c method=org.apache.maven.model.io.xpp3.MavenXpp3Reader.nextTag(Lorg/codehaus/plexus/util/xml/pull/XmlPullParser;)I @ 9
Event: 2.302 Thread 0x000001cd40dbe800 Uncommon trap: reason=null_check action=make_not_entrant pc=0x000001cd433b3b30 method=org.apache.maven.model.validation.DefaultModelValidator.validateEffectiveDependency(Lorg/apache/maven/model/building/ModelProblemCollector;Lorg/apache/maven/model/Depend
Event: 2.503 Thread 0x000001cd40dbe800 Uncommon trap: reason=unstable_if action=reinterpret pc=0x000001cd43369a88 method=org.codehaus.plexus.util.xml.pull.MXParser.parseAttribute()C @ 995
Event: 2.573 Thread 0x000001cd40dbe800 Uncommon trap: reason=unstable_if action=reinterpret pc=0x000001cd431bf16c method=org.codehaus.plexus.util.xml.pull.MXParser.isS(C)Z @ 21
Event: 2.703 Thread 0x000001cd40dbe800 Uncommon trap: reason=unstable_if action=reinterpret pc=0x000001cd42e7dc7c method=java.util.HashMap.hash(Ljava/lang/Object;)I @ 1
Event: 2.704 Thread 0x000001cd40dbe800 Uncommon trap: reason=unstable_if action=reinterpret pc=0x000001cd42e716fc method=java.util.HashMap.getNode(ILjava/lang/Object;)Ljava/util/HashMap$Node; @ 53

Classes redefined (0 events):
No events

Internal exceptions (10 events):
Event: 1.515 Thread 0x000001cd40dbe800 Exception <a 'java/lang/NullPointerException'> (0x00000000d6ca6118) thrown at [C:\jenkins\workspace\8-2-build-windows-amd64-cygwin\jdk8u321\2141\hotspot\src\share\vm\interpreter\linkResolver.cpp, line 1185]
Event: 1.515 Thread 0x000001cd40dbe800 Exception <a 'java/lang/NullPointerException'> (0x00000000d6cada28) thrown at [C:\jenkins\workspace\8-2-build-windows-amd64-cygwin\jdk8u321\2141\hotspot\src\share\vm\interpreter\linkResolver.cpp, line 1185]
Event: 1.515 Thread 0x000001cd40dbe800 Exception <a 'java/lang/NullPointerException'> (0x00000000d6cadc30) thrown at [C:\jenkins\workspace\8-2-build-windows-amd64-cygwin\jdk8u321\2141\hotspot\src\share\vm\interpreter\linkResolver.cpp, line 1185]
Event: 1.515 Thread 0x000001cd40dbe800 Exception <a 'java/lang/NullPointerException'> (0x00000000d6cade38) thrown at [C:\jenkins\workspace\8-2-build-windows-amd64-cygwin\jdk8u321\2141\hotspot\src\share\vm\interpreter\linkResolver.cpp, line 1185]
Event: 1.553 Thread 0x000001cd40dbe800 Implicit null exception at 0x000001cd42e79596 to 0x000001cd42e7993d
Event: 1.553 Thread 0x000001cd40dbe800 Implicit null exception at 0x000001cd42e31e94 to 0x000001cd42e3224d
Event: 1.706 Thread 0x000001cd40dbe800 Implicit null exception at 0x000001cd431ed7d0 to 0x000001cd431eeacd
Event: 1.988 Thread 0x000001cd40dbe800 Implicit null exception at 0x000001cd432e3c37 to 0x000001cd432e3e81
Event: 2.302 Thread 0x000001cd40dbe800 Implicit null exception at 0x000001cd433b35a0 to 0x000001cd433b3b0d
Event: 2.703 Thread 0x000001cd40dbe800 Implicit null exception at 0x000001cd42e7da95 to 0x000001cd42e7dc6d

Events (10 events):
Event: 2.815 loading class java/lang/Character$CharacterCache
Event: 2.815 loading class java/lang/Character$CharacterCache done
Event: 2.817 loading class org/apache/maven/plugin/DefaultPluginRealmCache$CacheKey
Event: 2.817 loading class org/apache/maven/plugin/DefaultPluginRealmCache$CacheKey done
Event: 2.817 loading class org/apache/maven/plugin/CacheUtils
Event: 2.817 loading class org/apache/maven/plugin/CacheUtils done
Event: 2.818 loading class org/apache/maven/plugin/internal/PlexusUtilsInjector
Event: 2.818 loading class org/apache/maven/plugin/internal/PlexusUtilsInjector done
Event: 2.818 loading class org/apache/maven/plugin/internal/WagonExcluder
Event: 2.818 loading class org/apache/maven/plugin/internal/WagonExcluder done


Dynamic libraries:
0x00007ff639f40000 - 0x00007ff639f87000 	C:\Program Files\Java\jdk1.8.0_321\bin\java.exe
0x00007ffa56250000 - 0x00007ffa56448000 	C:\WINDOWS\SYSTEM32\ntdll.dll
0x00007ffa547e0000 - 0x00007ffa5489d000 	C:\WINDOWS\System32\KERNEL32.DLL
0x00007ffa539a0000 - 0x00007ffa53c6e000 	C:\WINDOWS\System32\KERNELBASE.dll
0x00007ffa55bf0000 - 0x00007ffa55c9e000 	C:\WINDOWS\System32\ADVAPI32.dll
0x00007ffa545a0000 - 0x00007ffa5463e000 	C:\WINDOWS\System32\msvcrt.dll
0x00007ffa54640000 - 0x00007ffa546dc000 	C:\WINDOWS\System32\sechost.dll
0x00007ffa555d0000 - 0x00007ffa556f5000 	C:\WINDOWS\System32\RPCRT4.dll
0x00007ffa55430000 - 0x00007ffa555d0000 	C:\WINDOWS\System32\USER32.dll
0x00007ffa53970000 - 0x00007ffa53992000 	C:\WINDOWS\System32\win32u.dll
0x00007ffa547b0000 - 0x00007ffa547da000 	C:\WINDOWS\System32\GDI32.dll
0x00007ffa540c0000 - 0x00007ffa541cb000 	C:\WINDOWS\System32\gdi32full.dll
0x00007ffa53c70000 - 0x00007ffa53d0d000 	C:\WINDOWS\System32\msvcp_win.dll
0x00007ffa53fc0000 - 0x00007ffa540c0000 	C:\WINDOWS\System32\ucrtbase.dll
0x00007ffa38710000 - 0x00007ffa389aa000 	C:\WINDOWS\WinSxS\amd64_microsoft.windows.common-controls_6595b64144ccf1df_6.0.19041.1110_none_60b5254171f9507e\COMCTL32.dll
0x00007ffa54950000 - 0x00007ffa54980000 	C:\WINDOWS\System32\IMM32.DLL
0x0000000073e70000 - 0x0000000073e7c000 	F:\360\360Safe\safemon\SafeWrapper.dll
0x00007ffa3cda0000 - 0x00007ffa3ce36000 	F:\360\360Safe\safemon\libzdtp64.dll
0x00007ffa54980000 - 0x00007ffa550c4000 	C:\WINDOWS\System32\SHELL32.dll
0x00007ffa55280000 - 0x00007ffa552d5000 	C:\WINDOWS\System32\SHLWAPI.dll
0x00007ffa53430000 - 0x00007ffa5343a000 	C:\WINDOWS\SYSTEM32\VERSION.dll
0x00007ffa27ab0000 - 0x00007ffa27ac5000 	C:\Program Files\Java\jdk1.8.0_321\jre\bin\vcruntime140.dll
0x00007ffa0b050000 - 0x00007ffa0b0eb000 	C:\Program Files\Java\jdk1.8.0_321\jre\bin\msvcp140.dll
0x00000000716b0000 - 0x0000000071f11000 	C:\Program Files\Java\jdk1.8.0_321\jre\bin\server\jvm.dll
0x00007ffa55ca0000 - 0x00007ffa55ca8000 	C:\WINDOWS\System32\PSAPI.DLL
0x00007ffa520f0000 - 0x00007ffa52117000 	C:\WINDOWS\SYSTEM32\WINMM.dll
0x00007ffa2e0f0000 - 0x00007ffa2e0f9000 	C:\WINDOWS\SYSTEM32\WSOCK32.dll
0x00007ffa550d0000 - 0x00007ffa5513b000 	C:\WINDOWS\System32\WS2_32.dll
0x00007ffa521a0000 - 0x00007ffa521b2000 	C:\WINDOWS\SYSTEM32\kernel.appcore.dll
0x00007ffa27aa0000 - 0x00007ffa27ab0000 	C:\Program Files\Java\jdk1.8.0_321\jre\bin\verify.dll
0x00007ffa1fa10000 - 0x00007ffa1fa3b000 	C:\Program Files\Java\jdk1.8.0_321\jre\bin\java.dll
0x00007ffa20410000 - 0x00007ffa20428000 	C:\Program Files\Java\jdk1.8.0_321\jre\bin\zip.dll
0x00007ffa50b80000 - 0x00007ffa51314000 	C:\WINDOWS\SYSTEM32\windows.storage.dll
0x00007ffa55e30000 - 0x00007ffa56184000 	C:\WINDOWS\System32\combase.dll
0x00007ffa53290000 - 0x00007ffa532c0000 	C:\WINDOWS\SYSTEM32\Wldp.dll
0x00007ffa55380000 - 0x00007ffa5542d000 	C:\WINDOWS\System32\SHCORE.dll
0x00007ffa538b0000 - 0x00007ffa538cf000 	C:\WINDOWS\SYSTEM32\profapi.dll
0x0000000069ac0000 - 0x0000000069ae4000 	F:\maven\apache-maven-3.8.6-bin\apache-maven-3.8.6\lib\jansi-native\Windows\x86_64\jansi.dll

VM Arguments:
jvm_args: -Dclassworlds.conf=F:\maven\apache-maven-3.8.6-bin\apache-maven-3.8.6\bin\m2.conf -Dmaven.home=F:\maven\apache-maven-3.8.6-bin\apache-maven-3.8.6 -Dlibrary.jansi.path=F:\maven\apache-maven-3.8.6-bin\apache-maven-3.8.6\lib\jansi-native -Dmaven.multiModuleProjectDirectory=C:\Users\高远\Desktop\newbackend\backend\backend-master\backend 
java_command: org.codehaus.plexus.classworlds.launcher.Launcher clean package -DskipTests
java_class_path (initial): F:\maven\apache-maven-3.8.6-bin\apache-maven-3.8.6\boot\plexus-classworlds-2.6.0.jar
Launcher Type: SUN_STANDARD

Environment Variables:
JAVA_HOME=C:\Program Files\Java\jdk1.8.0_321
CLASSPATH=.;C:\Program Files\Java\jdk1.8.0_321\lib\dt.jar;C:\Program Files\Java\jdk1.8.0_321\lib\tools.jar;
PATH=F:\XShell\;"C:\Program Files\Java\jdk1.8.0_321\bin;";C:\Program Files (x86)\Common Files\Oracle\Java\javapath;C:\Program Files\Java\jdk1.8.0_321\jre\bin;D:\360Downloads\x86_64-8.1.0-release-posix-seh-rt_v6-rev0\mingw64\bin;C:\Program Files\Microsoft SQL Server\Client SDK\ODBC\170\Tools\Binn\;C:\Program Files (x86)\Microsoft SQL Server\150\Tools\Binn\;C:\Program Files\Microsoft SQL Server\150\Tools\Binn\;C:\Program Files\Microsoft SQL Server\150\DTS\Binn\;C:\Program Files (x86)\Microsoft SQL Server\150\DTS\Binn\;C:\Program Files\Azure Data Studio\bin;C:\git\Git\cmd;C:\Program Files\Java\jdk1.8.0_321\bin;C:\Program Files\Docker\Docker\resources\bin;C:\ProgramData\DockerDesktop\version-bin;F:\nodejs\;C:\Windows\System32;F:\Hugo;C:\WINDOWS\System32\OpenSSH\;C:\Program Files\MySQL\MySQL Server 8.0\bin;C:\Users\高远\AppData\Local\Programs\Python\Python39-32;C:\Users\高远\AppData\Local\Programs\Python\Python39-32\Scripts;F:\XFTP\;F:\maven\apache-maven-3.8.6-bin\apache-maven-3.8.6\bin;F:\maven\apache-maven-3.8.6-bin\apache-maven-3.8.6\bin;C:\Users\高远\AppData\Local\Microsoft\WindowsApps;D:\Microsoft VS Code\bin;C:\Program Files\Azure Data Studio\bin;C:\Users\高远\AppData\Roaming\npm;F:\webstorm\WebStorm 2022.1.1\bin;;F:\IDEA\IntelliJ IDEA 2022.1.1\bin;;F:\pycharm\PyCharm 2022.1.2\bin;
USERNAME=高远
OS=Windows_NT
PROCESSOR_IDENTIFIER=Intel64 Family 6 Model 142 Stepping 11, GenuineIntel



---------------  S Y S T E M  ---------------

OS: Windows 10 , 64 bit Build 19041 (10.0.19041.1806)

CPU:total 8 (initial active 8) (4 cores per cpu, 2 threads per core) family 6 model 142 stepping 11, cmov, cx8, fxsr, mmx, sse, sse2, sse3, ssse3, sse4.1, sse4.2, popcnt, avx, avx2, aes, clmul, erms, 3dnowpref, lzcnt, ht, tsc, tscinvbit, bmi1, bmi2, adx

Memory: 4k page, physical 8230644k(320228k free), swap 21092532k(3912k free)

vm_info: Java HotSpot(TM) 64-Bit Server VM (25.321-b07) for windows-amd64 JRE (1.8.0_321-b07), built on Dec 15 2021 11:19:20 by "java_re" with MS VC++ 15.9 (VS2017)

time: Fri Aug  5 11:39:40 2022
timezone: 中国标准时间
elapsed time: 2.837909 seconds (0d 0h 0m 2s)

